---------------------------------------------------------------
[ 2023-07-16T23:26:31+08:00 ] 127.0.0.1 POST dev.fadmin.com/YDPzopZdsg.php/ajax/upload
[运行时间：0.038787s] [吞吐率：25.78req/s] [内存消耗：4,408.98kb] [文件加载：89]
[ info ] [ BEHAVIOR ] Run Closure @app_init [ RunTime:0.000019s ]
[ info ] [ CACHE ] INIT File
[ info ] [ BEHAVIOR ] Run Closure @app_init [ RunTime:0.000816s ]
[ info ] [ BEHAVIOR ] Run app\common\behavior\Common @app_init [ RunTime:0.000234s ]
[ info ] [ LANG ] /Applications/EasySrv/www/fastadmin/thinkphp/lang/zh-cn.php
[ info ] [ BEHAVIOR ] Run app\common\behavior\Common @app_dispatch [ RunTime:0.000009s ]
[ info ] [ ROUTE ] array (
  'type' => 'module',
  'module' => 
  array (
    0 => 'admin',
    1 => 'ajax',
    2 => 'upload',
  ),
)
[ info ] [ HEADER ] array (
  'cookie' => '__gsas=ID=1a6f66de88e7b207:T=1689231015:RT=1689231015:S=ALNI_MaY_kQ589myCvslxaKkr5GhtcqGFQ; PHPSESSID=m5vl4c553tchjvkmnddqgrag6h; think_var=zh-cn',
  'accept-language' => 'zh-CN,zh;q=0.9',
  'accept-encoding' => 'gzip, deflate',
  'origin' => 'http://dev.fadmin.com',
  'content-type' => 'multipart/form-data; boundary=----WebKitFormBoundaryaKJjWAmeGYlg6IVc',
  'user-agent' => 'Mozilla/5.0 (Macintosh; Intel Mac OS X 10_15_7) AppleWebKit/537.36 (KHTML, like Gecko) Chrome/114.0.0.0 Safari/537.36',
  'x-requested-with' => 'XMLHttpRequest',
  'accept' => 'application/json',
  'cache-control' => 'no-cache',
  'pragma' => 'no-cache',
  'content-length' => '233781',
  'connection' => 'keep-alive',
  'host' => 'dev.fadmin.com',
)
[ info ] [ PARAM ] array (
  'category' => 'categoryHead',
)
[ info ] [ LANG ] /Applications/EasySrv/www/fastadmin/public/../application/admin/lang/zh-cn.php
[ info ] [ BEHAVIOR ] Run app\common\behavior\Common @module_init [ RunTime:0.000633s ]
[ info ] [ SESSION ] INIT array (
  'id' => '',
  'var_session_id' => '',
  'prefix' => 'think',
  'type' => '',
  'auto_start' => true,
)
[ info ] [ BEHAVIOR ] Run \addons\summernote\Summernote @config_init [ RunTime:0.000063s ]
[ info ] [ LANG ] /Applications/EasySrv/www/fastadmin/public/../application/admin/lang/zh-cn/ajax.php
[ info ] [ RUN ] app\admin\controller\Ajax->upload[ /Applications/EasySrv/www/fastadmin/application/admin/controller/Ajax.php ]
[ info ] [ DB ] INIT mysql
[ info ] [ BEHAVIOR ] Run app\admin\behavior\AdminLog @app_end [ RunTime:0.004630s ]
[ info ] [ LOG ] INIT File
---------------------------------------------------------------
[ 2023-07-16T23:26:31+08:00 ] 127.0.0.1 GET dev.fadmin.com/YDPzopZdsg.php/content/attachment/index?sort=id&order=desc&offset=0&limit=10&filter=%7B%7D&op=%7B%7D&_=1689520686652
[运行时间：0.042652s] [吞吐率：23.45req/s] [内存消耗：4,209.55kb] [文件加载：85]
[ info ] [ BEHAVIOR ] Run Closure @app_init [ RunTime:0.000029s ]
[ info ] [ CACHE ] INIT File
[ info ] [ BEHAVIOR ] Run Closure @app_init [ RunTime:0.002291s ]
[ info ] [ BEHAVIOR ] Run app\common\behavior\Common @app_init [ RunTime:0.000607s ]
[ info ] [ LANG ] /Applications/EasySrv/www/fastadmin/thinkphp/lang/zh-cn.php
[ info ] [ BEHAVIOR ] Run app\common\behavior\Common @app_dispatch [ RunTime:0.000021s ]
[ info ] [ ROUTE ] array (
  'type' => 'module',
  'module' => 
  array (
    0 => 'admin',
    1 => 'content.attachment',
    2 => 'index',
  ),
)
[ info ] [ HEADER ] array (
  'cookie' => '__gsas=ID=1a6f66de88e7b207:T=1689231015:RT=1689231015:S=ALNI_MaY_kQ589myCvslxaKkr5GhtcqGFQ; PHPSESSID=m5vl4c553tchjvkmnddqgrag6h; think_var=zh-cn',
  'accept-language' => 'zh-CN,zh;q=0.9',
  'accept-encoding' => 'gzip, deflate',
  'content-type' => 'application/json',
  'user-agent' => 'Mozilla/5.0 (Macintosh; Intel Mac OS X 10_15_7) AppleWebKit/537.36 (KHTML, like Gecko) Chrome/114.0.0.0 Safari/537.36',
  'x-requested-with' => 'XMLHttpRequest',
  'accept' => 'application/json, text/javascript, */*; q=0.01',
  'cache-control' => 'no-cache',
  'pragma' => 'no-cache',
  'connection' => 'keep-alive',
  'host' => 'dev.fadmin.com',
  'content-length' => '',
)
[ info ] [ PARAM ] array (
  'sort' => 'id',
  'order' => 'desc',
  'offset' => '0',
  'limit' => '10',
  'filter' => '{}',
  'op' => '{}',
  '_' => '1689520686652',
)
[ info ] [ LANG ] /Applications/EasySrv/www/fastadmin/public/../application/admin/lang/zh-cn.php
[ info ] [ BEHAVIOR ] Run app\common\behavior\Common @module_init [ RunTime:0.000873s ]
[ info ] [ SESSION ] INIT array (
  'id' => '',
  'var_session_id' => '',
  'prefix' => 'think',
  'type' => '',
  'auto_start' => true,
)
[ info ] [ DB ] INIT mysql
[ info ] [ BEHAVIOR ] Run \addons\summernote\Summernote @config_init [ RunTime:0.000068s ]
[ info ] [ LANG ] /Applications/EasySrv/www/fastadmin/public/../application/admin/lang/zh-cn/content/attachment.php
[ info ] [ RUN ] app\admin\controller\content\Attachment->index[ /Applications/EasySrv/www/fastadmin/application/admin/controller/content/Attachment.php ]
[ info ] [ BEHAVIOR ] Run app\admin\behavior\AdminLog @app_end [ RunTime:0.000037s ]
[ info ] [ LOG ] INIT File
---------------------------------------------------------------
[ 2023-07-16T23:27:34+08:00 ] 127.0.0.1 POST dev.fadmin.com/YDPzopZdsg.php/ajax/upload
[运行时间：0.043223s] [吞吐率：23.14req/s] [内存消耗：4,408.93kb] [文件加载：89]
[ info ] [ BEHAVIOR ] Run Closure @app_init [ RunTime:0.000017s ]
[ info ] [ CACHE ] INIT File
[ info ] [ BEHAVIOR ] Run Closure @app_init [ RunTime:0.000867s ]
[ info ] [ BEHAVIOR ] Run app\common\behavior\Common @app_init [ RunTime:0.000245s ]
[ info ] [ LANG ] /Applications/EasySrv/www/fastadmin/thinkphp/lang/zh-cn.php
[ info ] [ BEHAVIOR ] Run app\common\behavior\Common @app_dispatch [ RunTime:0.000010s ]
[ info ] [ ROUTE ] array (
  'type' => 'module',
  'module' => 
  array (
    0 => 'admin',
    1 => 'ajax',
    2 => 'upload',
  ),
)
[ info ] [ HEADER ] array (
  'cookie' => '__gsas=ID=1a6f66de88e7b207:T=1689231015:RT=1689231015:S=ALNI_MaY_kQ589myCvslxaKkr5GhtcqGFQ; PHPSESSID=m5vl4c553tchjvkmnddqgrag6h; think_var=zh-cn',
  'accept-language' => 'zh-CN,zh;q=0.9',
  'accept-encoding' => 'gzip, deflate',
  'origin' => 'http://dev.fadmin.com',
  'content-type' => 'multipart/form-data; boundary=----WebKitFormBoundarytIW7QxvOAJ6xPT7V',
  'user-agent' => 'Mozilla/5.0 (Macintosh; Intel Mac OS X 10_15_7) AppleWebKit/537.36 (KHTML, like Gecko) Chrome/114.0.0.0 Safari/537.36',
  'x-requested-with' => 'XMLHttpRequest',
  'accept' => 'application/json',
  'cache-control' => 'no-cache',
  'pragma' => 'no-cache',
  'content-length' => '233781',
  'connection' => 'keep-alive',
  'host' => 'dev.fadmin.com',
)
[ info ] [ PARAM ] array (
  'category' => 'categoryHead',
)
[ info ] [ LANG ] /Applications/EasySrv/www/fastadmin/public/../application/admin/lang/zh-cn.php
[ info ] [ BEHAVIOR ] Run app\common\behavior\Common @module_init [ RunTime:0.000770s ]
[ info ] [ SESSION ] INIT array (
  'id' => '',
  'var_session_id' => '',
  'prefix' => 'think',
  'type' => '',
  'auto_start' => true,
)
[ info ] [ BEHAVIOR ] Run \addons\summernote\Summernote @config_init [ RunTime:0.000073s ]
[ info ] [ LANG ] /Applications/EasySrv/www/fastadmin/public/../application/admin/lang/zh-cn/ajax.php
[ info ] [ RUN ] app\admin\controller\Ajax->upload[ /Applications/EasySrv/www/fastadmin/application/admin/controller/Ajax.php ]
[ info ] [ DB ] INIT mysql
[ info ] [ BEHAVIOR ] Run app\admin\behavior\AdminLog @app_end [ RunTime:0.005285s ]
[ info ] [ LOG ] INIT File
---------------------------------------------------------------
[ 2023-07-16T23:27:34+08:00 ] 127.0.0.1 GET dev.fadmin.com/YDPzopZdsg.php/content/attachment/index?sort=id&order=desc&offset=0&limit=10&filter=%7B%7D&op=%7B%7D&_=1689520686653
[运行时间：0.040327s] [吞吐率：24.80req/s] [内存消耗：4,209.55kb] [文件加载：85]
[ info ] [ BEHAVIOR ] Run Closure @app_init [ RunTime:0.000017s ]
[ info ] [ CACHE ] INIT File
[ info ] [ BEHAVIOR ] Run Closure @app_init [ RunTime:0.000946s ]
[ info ] [ BEHAVIOR ] Run app\common\behavior\Common @app_init [ RunTime:0.000263s ]
[ info ] [ LANG ] /Applications/EasySrv/www/fastadmin/thinkphp/lang/zh-cn.php
[ info ] [ BEHAVIOR ] Run app\common\behavior\Common @app_dispatch [ RunTime:0.000011s ]
[ info ] [ ROUTE ] array (
  'type' => 'module',
  'module' => 
  array (
    0 => 'admin',
    1 => 'content.attachment',
    2 => 'index',
  ),
)
[ info ] [ HEADER ] array (
  'cookie' => '__gsas=ID=1a6f66de88e7b207:T=1689231015:RT=1689231015:S=ALNI_MaY_kQ589myCvslxaKkr5GhtcqGFQ; PHPSESSID=m5vl4c553tchjvkmnddqgrag6h; think_var=zh-cn',
  'accept-language' => 'zh-CN,zh;q=0.9',
  'accept-encoding' => 'gzip, deflate',
  'content-type' => 'application/json',
  'user-agent' => 'Mozilla/5.0 (Macintosh; Intel Mac OS X 10_15_7) AppleWebKit/537.36 (KHTML, like Gecko) Chrome/114.0.0.0 Safari/537.36',
  'x-requested-with' => 'XMLHttpRequest',
  'accept' => 'application/json, text/javascript, */*; q=0.01',
  'cache-control' => 'no-cache',
  'pragma' => 'no-cache',
  'connection' => 'keep-alive',
  'host' => 'dev.fadmin.com',
  'content-length' => '',
)
[ info ] [ PARAM ] array (
  'sort' => 'id',
  'order' => 'desc',
  'offset' => '0',
  'limit' => '10',
  'filter' => '{}',
  'op' => '{}',
  '_' => '1689520686653',
)
[ info ] [ LANG ] /Applications/EasySrv/www/fastadmin/public/../application/admin/lang/zh-cn.php
[ info ] [ BEHAVIOR ] Run app\common\behavior\Common @module_init [ RunTime:0.000743s ]
[ info ] [ SESSION ] INIT array (
  'id' => '',
  'var_session_id' => '',
  'prefix' => 'think',
  'type' => '',
  'auto_start' => true,
)
[ info ] [ DB ] INIT mysql
[ info ] [ BEHAVIOR ] Run \addons\summernote\Summernote @config_init [ RunTime:0.000075s ]
[ info ] [ LANG ] /Applications/EasySrv/www/fastadmin/public/../application/admin/lang/zh-cn/content/attachment.php
[ info ] [ RUN ] app\admin\controller\content\Attachment->index[ /Applications/EasySrv/www/fastadmin/application/admin/controller/content/Attachment.php ]
[ info ] [ BEHAVIOR ] Run app\admin\behavior\AdminLog @app_end [ RunTime:0.000058s ]
[ info ] [ LOG ] INIT File
---------------------------------------------------------------
[ 2023-07-16T23:31:21+08:00 ] 127.0.0.1 GET dev.fadmin.com/YDPzopZdsg.php/content/attachment?ref=addtabs
[运行时间：0.038546s] [吞吐率：25.94req/s] [内存消耗：3,759.95kb] [文件加载：78]
[ info ] [ BEHAVIOR ] Run Closure @app_init [ RunTime:0.000019s ]
[ info ] [ CACHE ] INIT File
[ info ] [ BEHAVIOR ] Run Closure @app_init [ RunTime:0.001023s ]
[ info ] [ BEHAVIOR ] Run app\common\behavior\Common @app_init [ RunTime:0.000284s ]
[ info ] [ LANG ] /Applications/EasySrv/www/fastadmin/thinkphp/lang/zh-cn.php
[ info ] [ BEHAVIOR ] Run app\common\behavior\Common @app_dispatch [ RunTime:0.000011s ]
[ info ] [ ROUTE ] array (
  'type' => 'module',
  'module' => 
  array (
    0 => 'admin',
    1 => 'content.attachment',
    2 => NULL,
  ),
)
[ info ] [ HEADER ] array (
  'cookie' => '__gsas=ID=1a6f66de88e7b207:T=1689231015:RT=1689231015:S=ALNI_MaY_kQ589myCvslxaKkr5GhtcqGFQ; PHPSESSID=m5vl4c553tchjvkmnddqgrag6h; think_var=zh-cn',
  'accept-language' => 'zh-CN,zh;q=0.9',
  'accept-encoding' => 'gzip, deflate',
  'accept' => 'text/html,application/xhtml+xml,application/xml;q=0.9,image/avif,image/webp,image/apng,*/*;q=0.8,application/signed-exchange;v=b3;q=0.7',
  'user-agent' => 'Mozilla/5.0 (Macintosh; Intel Mac OS X 10_15_7) AppleWebKit/537.36 (KHTML, like Gecko) Chrome/114.0.0.0 Safari/537.36',
  'upgrade-insecure-requests' => '1',
  'cache-control' => 'no-cache',
  'pragma' => 'no-cache',
  'connection' => 'keep-alive',
  'host' => 'dev.fadmin.com',
  'content-length' => '',
  'content-type' => '',
)
[ info ] [ PARAM ] array (
  'ref' => 'addtabs',
)
[ info ] [ LANG ] /Applications/EasySrv/www/fastadmin/public/../application/admin/lang/zh-cn.php
[ info ] [ BEHAVIOR ] Run app\common\behavior\Common @module_init [ RunTime:0.000944s ]
[ info ] [ SESSION ] INIT array (
  'id' => '',
  'var_session_id' => '',
  'prefix' => 'think',
  'type' => '',
  'auto_start' => true,
)
[ info ] [ DB ] INIT mysql
[ info ] [ BEHAVIOR ] Run app\admin\behavior\AdminLog @app_end [ RunTime:0.000067s ]
[ info ] [ LOG ] INIT File
---------------------------------------------------------------
[ 2023-07-16T23:31:21+08:00 ] 127.0.0.1 GET dev.fadmin.com/YDPzopZdsg.php/index/index
[运行时间：0.029511s] [吞吐率：33.89req/s] [内存消耗：4,356.63kb] [文件加载：87]
[ info ] [ BEHAVIOR ] Run Closure @app_init [ RunTime:0.000016s ]
[ info ] [ CACHE ] INIT File
[ info ] [ BEHAVIOR ] Run Closure @app_init [ RunTime:0.001111s ]
[ info ] [ BEHAVIOR ] Run app\common\behavior\Common @app_init [ RunTime:0.000412s ]
[ info ] [ LANG ] /Applications/EasySrv/www/fastadmin/thinkphp/lang/zh-cn.php
[ info ] [ BEHAVIOR ] Run app\common\behavior\Common @app_dispatch [ RunTime:0.000015s ]
[ info ] [ ROUTE ] array (
  'type' => 'module',
  'module' => 
  array (
    0 => 'admin',
    1 => 'index',
    2 => 'index',
  ),
)
[ info ] [ HEADER ] array (
  'cookie' => '__gsas=ID=1a6f66de88e7b207:T=1689231015:RT=1689231015:S=ALNI_MaY_kQ589myCvslxaKkr5GhtcqGFQ; PHPSESSID=m5vl4c553tchjvkmnddqgrag6h; think_var=zh-cn',
  'accept-language' => 'zh-CN,zh;q=0.9',
  'accept-encoding' => 'gzip, deflate',
  'accept' => 'text/html,application/xhtml+xml,application/xml;q=0.9,image/avif,image/webp,image/apng,*/*;q=0.8,application/signed-exchange;v=b3;q=0.7',
  'user-agent' => 'Mozilla/5.0 (Macintosh; Intel Mac OS X 10_15_7) AppleWebKit/537.36 (KHTML, like Gecko) Chrome/114.0.0.0 Safari/537.36',
  'upgrade-insecure-requests' => '1',
  'cache-control' => 'no-cache',
  'pragma' => 'no-cache',
  'connection' => 'keep-alive',
  'host' => 'dev.fadmin.com',
  'content-length' => '',
  'content-type' => '',
)
[ info ] [ PARAM ] array (
)
[ info ] [ LANG ] /Applications/EasySrv/www/fastadmin/public/../application/admin/lang/zh-cn.php
[ info ] [ BEHAVIOR ] Run app\common\behavior\Common @module_init [ RunTime:0.000836s ]
[ info ] [ SESSION ] INIT array (
  'id' => '',
  'var_session_id' => '',
  'prefix' => 'think',
  'type' => '',
  'auto_start' => true,
)
[ info ] [ BEHAVIOR ] Run \addons\summernote\Summernote @config_init [ RunTime:0.000065s ]
[ info ] [ LANG ] /Applications/EasySrv/www/fastadmin/public/../application/admin/lang/zh-cn/index.php
[ info ] [ RUN ] app\admin\controller\Index->index[ /Applications/EasySrv/www/fastadmin/application/admin/controller/Index.php ]
[ info ] [ DB ] INIT mysql
[ info ] [ VIEW ] /Applications/EasySrv/www/fastadmin/public/../application/admin/view/index/index.html [ array (
  0 => 'breadcrumb',
  1 => 'site',
  2 => 'config',
  3 => 'auth',
  4 => 'admin',
  5 => 'menulist',
  6 => 'navlist',
  7 => 'fixedmenu',
  8 => 'referermenu',
  9 => 'title',
) ]
[ info ] [ BEHAVIOR ] Run app\admin\behavior\AdminLog @app_end [ RunTime:0.000068s ]
[ info ] [ LOG ] INIT File
---------------------------------------------------------------
[ 2023-07-16T23:31:21+08:00 ] 127.0.0.1 GET dev.fadmin.com/YDPzopZdsg.php/dashboard?addtabs=1
[运行时间：0.036494s] [吞吐率：27.40req/s] [内存消耗：4,270.89kb] [文件加载：87]
[ info ] [ BEHAVIOR ] Run Closure @app_init [ RunTime:0.000009s ]
[ info ] [ CACHE ] INIT File
[ info ] [ BEHAVIOR ] Run Closure @app_init [ RunTime:0.000590s ]
[ info ] [ BEHAVIOR ] Run app\common\behavior\Common @app_init [ RunTime:0.000196s ]
[ info ] [ LANG ] /Applications/EasySrv/www/fastadmin/thinkphp/lang/zh-cn.php
[ info ] [ BEHAVIOR ] Run app\common\behavior\Common @app_dispatch [ RunTime:0.000008s ]
[ info ] [ ROUTE ] array (
  'type' => 'module',
  'module' => 
  array (
    0 => 'admin',
    1 => 'dashboard',
    2 => NULL,
  ),
)
[ info ] [ HEADER ] array (
  'cookie' => '__gsas=ID=1a6f66de88e7b207:T=1689231015:RT=1689231015:S=ALNI_MaY_kQ589myCvslxaKkr5GhtcqGFQ; PHPSESSID=m5vl4c553tchjvkmnddqgrag6h; think_var=zh-cn',
  'accept-language' => 'zh-CN,zh;q=0.9',
  'accept-encoding' => 'gzip, deflate',
  'accept' => 'text/html,application/xhtml+xml,application/xml;q=0.9,image/avif,image/webp,image/apng,*/*;q=0.8,application/signed-exchange;v=b3;q=0.7',
  'user-agent' => 'Mozilla/5.0 (Macintosh; Intel Mac OS X 10_15_7) AppleWebKit/537.36 (KHTML, like Gecko) Chrome/114.0.0.0 Safari/537.36',
  'upgrade-insecure-requests' => '1',
  'cache-control' => 'no-cache',
  'pragma' => 'no-cache',
  'connection' => 'keep-alive',
  'host' => 'dev.fadmin.com',
  'content-length' => '',
  'content-type' => '',
)
[ info ] [ PARAM ] array (
  'addtabs' => '1',
)
[ info ] [ LANG ] /Applications/EasySrv/www/fastadmin/public/../application/admin/lang/zh-cn.php
[ info ] [ BEHAVIOR ] Run app\common\behavior\Common @module_init [ RunTime:0.000541s ]
[ info ] [ SESSION ] INIT array (
  'id' => '',
  'var_session_id' => '',
  'prefix' => 'think',
  'type' => '',
  'auto_start' => true,
)
[ info ] [ DB ] INIT mysql
[ info ] [ BEHAVIOR ] Run \addons\summernote\Summernote @config_init [ RunTime:0.000070s ]
[ info ] [ LANG ] /Applications/EasySrv/www/fastadmin/public/../application/admin/lang/zh-cn/dashboard.php
[ info ] [ RUN ] app\admin\controller\Dashboard->index[ /Applications/EasySrv/www/fastadmin/application/admin/controller/Dashboard.php ]
[ info ] [ VIEW ] /Applications/EasySrv/www/fastadmin/public/../application/admin/view/dashboard/index.html [ array (
  0 => 'breadcrumb',
  1 => 'site',
  2 => 'config',
  3 => 'auth',
  4 => 'admin',
  5 => 'totaluser',
  6 => 'totaladdon',
  7 => 'totaladmin',
  8 => 'totalcategory',
  9 => 'todayusersignup',
  10 => 'todayuserlogin',
  11 => 'sevendau',
  12 => 'thirtydau',
  13 => 'threednu',
  14 => 'sevendnu',
  15 => 'dbtablenums',
  16 => 'dbsize',
  17 => 'totalworkingaddon',
  18 => 'attachmentnums',
  19 => 'attachmentsize',
  20 => 'picturenums',
  21 => 'picturesize',
) ]
[ info ] [ BEHAVIOR ] Run app\admin\behavior\AdminLog @app_end [ RunTime:0.000063s ]
[ info ] [ LOG ] INIT File
---------------------------------------------------------------
[ 2023-07-16T23:31:21+08:00 ] 127.0.0.1 GET dev.fadmin.com/YDPzopZdsg.php/content/attachment?addtabs=1
[运行时间：0.056215s] [吞吐率：17.79req/s] [内存消耗：4,130.14kb] [文件加载：82]
[ info ] [ BEHAVIOR ] Run Closure @app_init [ RunTime:0.000015s ]
[ info ] [ CACHE ] INIT File
[ info ] [ BEHAVIOR ] Run Closure @app_init [ RunTime:0.000675s ]
[ info ] [ BEHAVIOR ] Run app\common\behavior\Common @app_init [ RunTime:0.000191s ]
[ info ] [ LANG ] /Applications/EasySrv/www/fastadmin/thinkphp/lang/zh-cn.php
[ info ] [ BEHAVIOR ] Run app\common\behavior\Common @app_dispatch [ RunTime:0.000010s ]
[ info ] [ ROUTE ] array (
  'type' => 'module',
  'module' => 
  array (
    0 => 'admin',
    1 => 'content.attachment',
    2 => NULL,
  ),
)
[ info ] [ HEADER ] array (
  'cookie' => '__gsas=ID=1a6f66de88e7b207:T=1689231015:RT=1689231015:S=ALNI_MaY_kQ589myCvslxaKkr5GhtcqGFQ; PHPSESSID=m5vl4c553tchjvkmnddqgrag6h; think_var=zh-cn',
  'accept-language' => 'zh-CN,zh;q=0.9',
  'accept-encoding' => 'gzip, deflate',
  'accept' => 'text/html,application/xhtml+xml,application/xml;q=0.9,image/avif,image/webp,image/apng,*/*;q=0.8,application/signed-exchange;v=b3;q=0.7',
  'user-agent' => 'Mozilla/5.0 (Macintosh; Intel Mac OS X 10_15_7) AppleWebKit/537.36 (KHTML, like Gecko) Chrome/114.0.0.0 Safari/537.36',
  'upgrade-insecure-requests' => '1',
  'cache-control' => 'no-cache',
  'pragma' => 'no-cache',
  'connection' => 'keep-alive',
  'host' => 'dev.fadmin.com',
  'content-length' => '',
  'content-type' => '',
)
[ info ] [ PARAM ] array (
  'addtabs' => '1',
)
[ info ] [ LANG ] /Applications/EasySrv/www/fastadmin/public/../application/admin/lang/zh-cn.php
[ info ] [ BEHAVIOR ] Run app\common\behavior\Common @module_init [ RunTime:0.000551s ]
[ info ] [ SESSION ] INIT array (
  'id' => '',
  'var_session_id' => '',
  'prefix' => 'think',
  'type' => '',
  'auto_start' => true,
)
[ info ] [ DB ] INIT mysql
[ info ] [ BEHAVIOR ] Run \addons\summernote\Summernote @config_init [ RunTime:0.000126s ]
[ info ] [ LANG ] /Applications/EasySrv/www/fastadmin/public/../application/admin/lang/zh-cn/content/attachment.php
[ info ] [ RUN ] app\admin\controller\content\Attachment->index[ /Applications/EasySrv/www/fastadmin/application/admin/controller/content/Attachment.php ]
[ info ] [ VIEW ] /Applications/EasySrv/www/fastadmin/public/../application/admin/view/content/attachment/index.html [ array (
  0 => 'breadcrumb',
  1 => 'site',
  2 => 'config',
  3 => 'auth',
  4 => 'admin',
  5 => 'mimetypeList',
  6 => 'categoryList',
) ]
[ info ] [ BEHAVIOR ] Run app\admin\behavior\AdminLog @app_end [ RunTime:0.000031s ]
[ info ] [ LOG ] INIT File
---------------------------------------------------------------
[ 2023-07-16T23:31:21+08:00 ] 127.0.0.1 GET dev.fadmin.com/YDPzopZdsg.php/ajax/lang?callback=define&controllername=index&lang=zh-cn&v=1689521481&v=1689521481
[运行时间：0.029204s] [吞吐率：34.24req/s] [内存消耗：3,129.30kb] [文件加载：76]
[ info ] [ BEHAVIOR ] Run Closure @app_init [ RunTime:0.000015s ]
[ info ] [ CACHE ] INIT File
[ info ] [ BEHAVIOR ] Run Closure @app_init [ RunTime:0.000618s ]
[ info ] [ BEHAVIOR ] Run app\common\behavior\Common @app_init [ RunTime:0.000188s ]
[ info ] [ LANG ] /Applications/EasySrv/www/fastadmin/thinkphp/lang/zh-cn.php
[ info ] [ BEHAVIOR ] Run app\common\behavior\Common @app_dispatch [ RunTime:0.000009s ]
[ info ] [ ROUTE ] array (
  'type' => 'module',
  'module' => 
  array (
    0 => 'admin',
    1 => 'ajax',
    2 => 'lang',
  ),
)
[ info ] [ HEADER ] array (
  'cookie' => '__gsas=ID=1a6f66de88e7b207:T=1689231015:RT=1689231015:S=ALNI_MaY_kQ589myCvslxaKkr5GhtcqGFQ; PHPSESSID=m5vl4c553tchjvkmnddqgrag6h; think_var=zh-cn',
  'accept-language' => 'zh-CN,zh;q=0.9',
  'accept-encoding' => 'gzip, deflate',
  'accept' => '*/*',
  'user-agent' => 'Mozilla/5.0 (Macintosh; Intel Mac OS X 10_15_7) AppleWebKit/537.36 (KHTML, like Gecko) Chrome/114.0.0.0 Safari/537.36',
  'cache-control' => 'no-cache',
  'pragma' => 'no-cache',
  'connection' => 'keep-alive',
  'host' => 'dev.fadmin.com',
  'content-length' => '',
  'content-type' => '',
)
[ info ] [ PARAM ] array (
  'callback' => 'define',
  'controllername' => 'index',
  'lang' => 'zh-cn',
  'v' => '1689521481',
)
[ info ] [ LANG ] /Applications/EasySrv/www/fastadmin/public/../application/admin/lang/zh-cn.php
[ info ] [ BEHAVIOR ] Run app\common\behavior\Common @module_init [ RunTime:0.000635s ]
[ info ] [ SESSION ] INIT array (
  'id' => '',
  'var_session_id' => '',
  'prefix' => 'think',
  'type' => '',
  'auto_start' => true,
)
[ info ] [ BEHAVIOR ] Run \addons\summernote\Summernote @config_init [ RunTime:0.000204s ]
[ info ] [ LANG ] /Applications/EasySrv/www/fastadmin/public/../application/admin/lang/zh-cn/ajax.php
[ info ] [ RUN ] app\admin\controller\Ajax->lang[ /Applications/EasySrv/www/fastadmin/application/admin/controller/Ajax.php ]
[ info ] [ LANG ] /Applications/EasySrv/www/fastadmin/public/../application/admin/lang/zh-cn/index.php
[ info ] [ BEHAVIOR ] Run app\admin\behavior\AdminLog @app_end [ RunTime:0.000046s ]
[ info ] [ LOG ] INIT File
---------------------------------------------------------------
[ 2023-07-16T23:31:21+08:00 ] 127.0.0.1 GET dev.fadmin.com/YDPzopZdsg.php/ajax/lang?callback=define&controllername=dashboard&lang=zh-cn&v=1689521481&v=1689521481
[运行时间：0.027539s] [吞吐率：36.31req/s] [内存消耗：3,126.98kb] [文件加载：76]
[ info ] [ BEHAVIOR ] Run Closure @app_init [ RunTime:0.000015s ]
[ info ] [ CACHE ] INIT File
[ info ] [ BEHAVIOR ] Run Closure @app_init [ RunTime:0.000645s ]
[ info ] [ BEHAVIOR ] Run app\common\behavior\Common @app_init [ RunTime:0.000180s ]
[ info ] [ LANG ] /Applications/EasySrv/www/fastadmin/thinkphp/lang/zh-cn.php
[ info ] [ BEHAVIOR ] Run app\common\behavior\Common @app_dispatch [ RunTime:0.000008s ]
[ info ] [ ROUTE ] array (
  'type' => 'module',
  'module' => 
  array (
    0 => 'admin',
    1 => 'ajax',
    2 => 'lang',
  ),
)
[ info ] [ HEADER ] array (
  'cookie' => '__gsas=ID=1a6f66de88e7b207:T=1689231015:RT=1689231015:S=ALNI_MaY_kQ589myCvslxaKkr5GhtcqGFQ; PHPSESSID=m5vl4c553tchjvkmnddqgrag6h; think_var=zh-cn',
  'accept-language' => 'zh-CN,zh;q=0.9',
  'accept-encoding' => 'gzip, deflate',
  'accept' => '*/*',
  'user-agent' => 'Mozilla/5.0 (Macintosh; Intel Mac OS X 10_15_7) AppleWebKit/537.36 (KHTML, like Gecko) Chrome/114.0.0.0 Safari/537.36',
  'cache-control' => 'no-cache',
  'pragma' => 'no-cache',
  'connection' => 'keep-alive',
  'host' => 'dev.fadmin.com',
  'content-length' => '',
  'content-type' => '',
)
[ info ] [ PARAM ] array (
  'callback' => 'define',
  'controllername' => 'dashboard',
  'lang' => 'zh-cn',
  'v' => '1689521481',
)
[ info ] [ LANG ] /Applications/EasySrv/www/fastadmin/public/../application/admin/lang/zh-cn.php
[ info ] [ BEHAVIOR ] Run app\common\behavior\Common @module_init [ RunTime:0.000723s ]
[ info ] [ SESSION ] INIT array (
  'id' => '',
  'var_session_id' => '',
  'prefix' => 'think',
  'type' => '',
  'auto_start' => true,
)
[ info ] [ BEHAVIOR ] Run \addons\summernote\Summernote @config_init [ RunTime:0.000065s ]
[ info ] [ LANG ] /Applications/EasySrv/www/fastadmin/public/../application/admin/lang/zh-cn/ajax.php
[ info ] [ RUN ] app\admin\controller\Ajax->lang[ /Applications/EasySrv/www/fastadmin/application/admin/controller/Ajax.php ]
[ info ] [ LANG ] /Applications/EasySrv/www/fastadmin/public/../application/admin/lang/zh-cn/dashboard.php
[ info ] [ BEHAVIOR ] Run app\admin\behavior\AdminLog @app_end [ RunTime:0.000030s ]
[ info ] [ LOG ] INIT File
---------------------------------------------------------------
[ 2023-07-16T23:31:21+08:00 ] 127.0.0.1 GET dev.fadmin.com/YDPzopZdsg.php/ajax/lang?callback=define&controllername=content.attachment&lang=zh-cn&v=1689521481&v=1689521481
[运行时间：0.021752s] [吞吐率：45.97req/s] [内存消耗：3,126.23kb] [文件加载：76]
[ info ] [ BEHAVIOR ] Run Closure @app_init [ RunTime:0.000045s ]
[ info ] [ CACHE ] INIT File
[ info ] [ BEHAVIOR ] Run Closure @app_init [ RunTime:0.001026s ]
[ info ] [ BEHAVIOR ] Run app\common\behavior\Common @app_init [ RunTime:0.000218s ]
[ info ] [ LANG ] /Applications/EasySrv/www/fastadmin/thinkphp/lang/zh-cn.php
[ info ] [ BEHAVIOR ] Run app\common\behavior\Common @app_dispatch [ RunTime:0.000011s ]
[ info ] [ ROUTE ] array (
  'type' => 'module',
  'module' => 
  array (
    0 => 'admin',
    1 => 'ajax',
    2 => 'lang',
  ),
)
[ info ] [ HEADER ] array (
  'cookie' => '__gsas=ID=1a6f66de88e7b207:T=1689231015:RT=1689231015:S=ALNI_MaY_kQ589myCvslxaKkr5GhtcqGFQ; PHPSESSID=m5vl4c553tchjvkmnddqgrag6h; think_var=zh-cn',
  'accept-language' => 'zh-CN,zh;q=0.9',
  'accept-encoding' => 'gzip, deflate',
  'accept' => '*/*',
  'user-agent' => 'Mozilla/5.0 (Macintosh; Intel Mac OS X 10_15_7) AppleWebKit/537.36 (KHTML, like Gecko) Chrome/114.0.0.0 Safari/537.36',
  'cache-control' => 'no-cache',
  'pragma' => 'no-cache',
  'connection' => 'keep-alive',
  'host' => 'dev.fadmin.com',
  'content-length' => '',
  'content-type' => '',
)
[ info ] [ PARAM ] array (
  'callback' => 'define',
  'controllername' => 'content.attachment',
  'lang' => 'zh-cn',
  'v' => '1689521481',
)
[ info ] [ LANG ] /Applications/EasySrv/www/fastadmin/public/../application/admin/lang/zh-cn.php
[ info ] [ BEHAVIOR ] Run app\common\behavior\Common @module_init [ RunTime:0.001475s ]
[ info ] [ SESSION ] INIT array (
  'id' => '',
  'var_session_id' => '',
  'prefix' => 'think',
  'type' => '',
  'auto_start' => true,
)
[ info ] [ BEHAVIOR ] Run \addons\summernote\Summernote @config_init [ RunTime:0.000050s ]
[ info ] [ LANG ] /Applications/EasySrv/www/fastadmin/public/../application/admin/lang/zh-cn/ajax.php
[ info ] [ RUN ] app\admin\controller\Ajax->lang[ /Applications/EasySrv/www/fastadmin/application/admin/controller/Ajax.php ]
[ info ] [ LANG ] /Applications/EasySrv/www/fastadmin/public/../application/admin/lang/zh-cn/content/attachment.php
[ info ] [ BEHAVIOR ] Run app\admin\behavior\AdminLog @app_end [ RunTime:0.000030s ]
[ info ] [ LOG ] INIT File
---------------------------------------------------------------
[ 2023-07-16T23:31:22+08:00 ] 127.0.0.1 GET dev.fadmin.com/YDPzopZdsg.php/content/attachment/index?sort=id&order=desc&offset=0&limit=10&filter=%7B%7D&op=%7B%7D&_=1689521481896
[运行时间：0.027697s] [吞吐率：36.11req/s] [内存消耗：4,209.55kb] [文件加载：85]
[ info ] [ BEHAVIOR ] Run Closure @app_init [ RunTime:0.000017s ]
[ info ] [ CACHE ] INIT File
[ info ] [ BEHAVIOR ] Run Closure @app_init [ RunTime:0.000677s ]
[ info ] [ BEHAVIOR ] Run app\common\behavior\Common @app_init [ RunTime:0.000197s ]
[ info ] [ LANG ] /Applications/EasySrv/www/fastadmin/thinkphp/lang/zh-cn.php
[ info ] [ BEHAVIOR ] Run app\common\behavior\Common @app_dispatch [ RunTime:0.000009s ]
[ info ] [ ROUTE ] array (
  'type' => 'module',
  'module' => 
  array (
    0 => 'admin',
    1 => 'content.attachment',
    2 => 'index',
  ),
)
[ info ] [ HEADER ] array (
  'cookie' => '__gsas=ID=1a6f66de88e7b207:T=1689231015:RT=1689231015:S=ALNI_MaY_kQ589myCvslxaKkr5GhtcqGFQ; PHPSESSID=m5vl4c553tchjvkmnddqgrag6h; think_var=zh-cn',
  'accept-language' => 'zh-CN,zh;q=0.9',
  'accept-encoding' => 'gzip, deflate',
  'content-type' => 'application/json',
  'user-agent' => 'Mozilla/5.0 (Macintosh; Intel Mac OS X 10_15_7) AppleWebKit/537.36 (KHTML, like Gecko) Chrome/114.0.0.0 Safari/537.36',
  'x-requested-with' => 'XMLHttpRequest',
  'accept' => 'application/json, text/javascript, */*; q=0.01',
  'cache-control' => 'no-cache',
  'pragma' => 'no-cache',
  'connection' => 'keep-alive',
  'host' => 'dev.fadmin.com',
  'content-length' => '',
)
[ info ] [ PARAM ] array (
  'sort' => 'id',
  'order' => 'desc',
  'offset' => '0',
  'limit' => '10',
  'filter' => '{}',
  'op' => '{}',
  '_' => '1689521481896',
)
[ info ] [ LANG ] /Applications/EasySrv/www/fastadmin/public/../application/admin/lang/zh-cn.php
[ info ] [ BEHAVIOR ] Run app\common\behavior\Common @module_init [ RunTime:0.000663s ]
[ info ] [ SESSION ] INIT array (
  'id' => '',
  'var_session_id' => '',
  'prefix' => 'think',
  'type' => '',
  'auto_start' => true,
)
[ info ] [ DB ] INIT mysql
[ info ] [ BEHAVIOR ] Run \addons\summernote\Summernote @config_init [ RunTime:0.000084s ]
[ info ] [ LANG ] /Applications/EasySrv/www/fastadmin/public/../application/admin/lang/zh-cn/content/attachment.php
[ info ] [ RUN ] app\admin\controller\content\Attachment->index[ /Applications/EasySrv/www/fastadmin/application/admin/controller/content/Attachment.php ]
[ info ] [ BEHAVIOR ] Run app\admin\behavior\AdminLog @app_end [ RunTime:0.000031s ]
[ info ] [ LOG ] INIT File
---------------------------------------------------------------
[ 2023-07-16T23:31:24+08:00 ] 127.0.0.1 GET dev.fadmin.com/YDPzopZdsg.php/content/attachment/add?dialog=1
[运行时间：0.037029s] [吞吐率：27.01req/s] [内存消耗：4,272.95kb] [文件加载：84]
[ info ] [ BEHAVIOR ] Run Closure @app_init [ RunTime:0.000025s ]
[ info ] [ CACHE ] INIT File
[ info ] [ BEHAVIOR ] Run Closure @app_init [ RunTime:0.000942s ]
[ info ] [ BEHAVIOR ] Run app\common\behavior\Common @app_init [ RunTime:0.000269s ]
[ info ] [ LANG ] /Applications/EasySrv/www/fastadmin/thinkphp/lang/zh-cn.php
[ info ] [ BEHAVIOR ] Run app\common\behavior\Common @app_dispatch [ RunTime:0.000011s ]
[ info ] [ ROUTE ] array (
  'type' => 'module',
  'module' => 
  array (
    0 => 'admin',
    1 => 'content.attachment',
    2 => 'add',
  ),
)
[ info ] [ HEADER ] array (
  'cookie' => '__gsas=ID=1a6f66de88e7b207:T=1689231015:RT=1689231015:S=ALNI_MaY_kQ589myCvslxaKkr5GhtcqGFQ; PHPSESSID=m5vl4c553tchjvkmnddqgrag6h; think_var=zh-cn',
  'accept-language' => 'zh-CN,zh;q=0.9',
  'accept-encoding' => 'gzip, deflate',
  'accept' => 'text/html,application/xhtml+xml,application/xml;q=0.9,image/avif,image/webp,image/apng,*/*;q=0.8,application/signed-exchange;v=b3;q=0.7',
  'user-agent' => 'Mozilla/5.0 (Macintosh; Intel Mac OS X 10_15_7) AppleWebKit/537.36 (KHTML, like Gecko) Chrome/114.0.0.0 Safari/537.36',
  'upgrade-insecure-requests' => '1',
  'cache-control' => 'no-cache',
  'pragma' => 'no-cache',
  'connection' => 'keep-alive',
  'host' => 'dev.fadmin.com',
  'content-length' => '',
  'content-type' => '',
)
[ info ] [ PARAM ] array (
  'dialog' => '1',
)
[ info ] [ LANG ] /Applications/EasySrv/www/fastadmin/public/../application/admin/lang/zh-cn.php
[ info ] [ BEHAVIOR ] Run app\common\behavior\Common @module_init [ RunTime:0.000792s ]
[ info ] [ SESSION ] INIT array (
  'id' => '',
  'var_session_id' => '',
  'prefix' => 'think',
  'type' => '',
  'auto_start' => true,
)
[ info ] [ DB ] INIT mysql
[ info ] [ BEHAVIOR ] Run \addons\summernote\Summernote @config_init [ RunTime:0.000090s ]
[ info ] [ LANG ] /Applications/EasySrv/www/fastadmin/public/../application/admin/lang/zh-cn/content/attachment.php
[ info ] [ RUN ] app\admin\controller\content\Attachment->add[ /Applications/EasySrv/www/fastadmin/application/admin/controller/content/Attachment.php ]
[ info ] [ VIEW ] /Applications/EasySrv/www/fastadmin/public/../application/admin/view/content/attachment/add.html [ array (
  0 => 'breadcrumb',
  1 => 'site',
  2 => 'config',
  3 => 'auth',
  4 => 'admin',
  5 => 'mimetypeList',
  6 => 'categoryList',
) ]
[ info ] [ BEHAVIOR ] Run app\admin\behavior\AdminLog @app_end [ RunTime:0.000040s ]
[ info ] [ LOG ] INIT File
---------------------------------------------------------------
[ 2023-07-16T23:31:24+08:00 ] 127.0.0.1 GET dev.fadmin.com/YDPzopZdsg.php/ajax/lang?callback=define&controllername=content.attachment&lang=zh-cn&v=1689521484&v=1689521484
[运行时间：0.014904s] [吞吐率：67.10req/s] [内存消耗：3,126.23kb] [文件加载：76]
[ info ] [ BEHAVIOR ] Run Closure @app_init [ RunTime:0.000018s ]
[ info ] [ CACHE ] INIT File
[ info ] [ BEHAVIOR ] Run Closure @app_init [ RunTime:0.000686s ]
[ info ] [ BEHAVIOR ] Run app\common\behavior\Common @app_init [ RunTime:0.000195s ]
[ info ] [ LANG ] /Applications/EasySrv/www/fastadmin/thinkphp/lang/zh-cn.php
[ info ] [ BEHAVIOR ] Run app\common\behavior\Common @app_dispatch [ RunTime:0.000009s ]
[ info ] [ ROUTE ] array (
  'type' => 'module',
  'module' => 
  array (
    0 => 'admin',
    1 => 'ajax',
    2 => 'lang',
  ),
)
[ info ] [ HEADER ] array (
  'cookie' => '__gsas=ID=1a6f66de88e7b207:T=1689231015:RT=1689231015:S=ALNI_MaY_kQ589myCvslxaKkr5GhtcqGFQ; PHPSESSID=m5vl4c553tchjvkmnddqgrag6h; think_var=zh-cn',
  'accept-language' => 'zh-CN,zh;q=0.9',
  'accept-encoding' => 'gzip, deflate',
  'accept' => '*/*',
  'user-agent' => 'Mozilla/5.0 (Macintosh; Intel Mac OS X 10_15_7) AppleWebKit/537.36 (KHTML, like Gecko) Chrome/114.0.0.0 Safari/537.36',
  'cache-control' => 'no-cache',
  'pragma' => 'no-cache',
  'connection' => 'keep-alive',
  'host' => 'dev.fadmin.com',
  'content-length' => '',
  'content-type' => '',
)
[ info ] [ PARAM ] array (
  'callback' => 'define',
  'controllername' => 'content.attachment',
  'lang' => 'zh-cn',
  'v' => '1689521484',
)
[ info ] [ LANG ] /Applications/EasySrv/www/fastadmin/public/../application/admin/lang/zh-cn.php
[ info ] [ BEHAVIOR ] Run app\common\behavior\Common @module_init [ RunTime:0.000660s ]
[ info ] [ SESSION ] INIT array (
  'id' => '',
  'var_session_id' => '',
  'prefix' => 'think',
  'type' => '',
  'auto_start' => true,
)
[ info ] [ BEHAVIOR ] Run \addons\summernote\Summernote @config_init [ RunTime:0.000051s ]
[ info ] [ LANG ] /Applications/EasySrv/www/fastadmin/public/../application/admin/lang/zh-cn/ajax.php
[ info ] [ RUN ] app\admin\controller\Ajax->lang[ /Applications/EasySrv/www/fastadmin/application/admin/controller/Ajax.php ]
[ info ] [ LANG ] /Applications/EasySrv/www/fastadmin/public/../application/admin/lang/zh-cn/content/attachment.php
[ info ] [ BEHAVIOR ] Run app\admin\behavior\AdminLog @app_end [ RunTime:0.000031s ]
[ info ] [ LOG ] INIT File
---------------------------------------------------------------
[ 2023-07-16T23:31:39+08:00 ] 127.0.0.1 GET dev.fadmin.com/YDPzopZdsg.php/content/attachment?ref=addtabs
[运行时间：0.034741s] [吞吐率：28.78req/s] [内存消耗：3,759.95kb] [文件加载：78]
[ info ] [ BEHAVIOR ] Run Closure @app_init [ RunTime:0.000019s ]
[ info ] [ CACHE ] INIT File
[ info ] [ BEHAVIOR ] Run Closure @app_init [ RunTime:0.000786s ]
[ info ] [ BEHAVIOR ] Run app\common\behavior\Common @app_init [ RunTime:0.000209s ]
[ info ] [ LANG ] /Applications/EasySrv/www/fastadmin/thinkphp/lang/zh-cn.php
[ info ] [ BEHAVIOR ] Run app\common\behavior\Common @app_dispatch [ RunTime:0.000013s ]
[ info ] [ ROUTE ] array (
  'type' => 'module',
  'module' => 
  array (
    0 => 'admin',
    1 => 'content.attachment',
    2 => NULL,
  ),
)
[ info ] [ HEADER ] array (
  'cookie' => '__gsas=ID=1a6f66de88e7b207:T=1689231015:RT=1689231015:S=ALNI_MaY_kQ589myCvslxaKkr5GhtcqGFQ; PHPSESSID=m5vl4c553tchjvkmnddqgrag6h; think_var=zh-cn',
  'accept-language' => 'zh-CN,zh;q=0.9',
  'accept-encoding' => 'gzip, deflate',
  'accept' => 'text/html,application/xhtml+xml,application/xml;q=0.9,image/avif,image/webp,image/apng,*/*;q=0.8,application/signed-exchange;v=b3;q=0.7',
  'user-agent' => 'Mozilla/5.0 (Macintosh; Intel Mac OS X 10_15_7) AppleWebKit/537.36 (KHTML, like Gecko) Chrome/114.0.0.0 Safari/537.36',
  'upgrade-insecure-requests' => '1',
  'cache-control' => 'no-cache',
  'pragma' => 'no-cache',
  'connection' => 'keep-alive',
  'host' => 'dev.fadmin.com',
  'content-length' => '',
  'content-type' => '',
)
[ info ] [ PARAM ] array (
  'ref' => 'addtabs',
)
[ info ] [ LANG ] /Applications/EasySrv/www/fastadmin/public/../application/admin/lang/zh-cn.php
[ info ] [ BEHAVIOR ] Run app\common\behavior\Common @module_init [ RunTime:0.000706s ]
[ info ] [ SESSION ] INIT array (
  'id' => '',
  'var_session_id' => '',
  'prefix' => 'think',
  'type' => '',
  'auto_start' => true,
)
[ info ] [ DB ] INIT mysql
[ info ] [ BEHAVIOR ] Run app\admin\behavior\AdminLog @app_end [ RunTime:0.000052s ]
[ info ] [ LOG ] INIT File
---------------------------------------------------------------
[ 2023-07-16T23:31:39+08:00 ] 127.0.0.1 GET dev.fadmin.com/YDPzopZdsg.php/index/index
[运行时间：0.022398s] [吞吐率：44.65req/s] [内存消耗：4,356.63kb] [文件加载：87]
[ info ] [ BEHAVIOR ] Run Closure @app_init [ RunTime:0.000013s ]
[ info ] [ CACHE ] INIT File
[ info ] [ BEHAVIOR ] Run Closure @app_init [ RunTime:0.001082s ]
[ info ] [ BEHAVIOR ] Run app\common\behavior\Common @app_init [ RunTime:0.000219s ]
[ info ] [ LANG ] /Applications/EasySrv/www/fastadmin/thinkphp/lang/zh-cn.php
[ info ] [ BEHAVIOR ] Run app\common\behavior\Common @app_dispatch [ RunTime:0.000009s ]
[ info ] [ ROUTE ] array (
  'type' => 'module',
  'module' => 
  array (
    0 => 'admin',
    1 => 'index',
    2 => 'index',
  ),
)
[ info ] [ HEADER ] array (
  'cookie' => '__gsas=ID=1a6f66de88e7b207:T=1689231015:RT=1689231015:S=ALNI_MaY_kQ589myCvslxaKkr5GhtcqGFQ; PHPSESSID=m5vl4c553tchjvkmnddqgrag6h; think_var=zh-cn',
  'accept-language' => 'zh-CN,zh;q=0.9',
  'accept-encoding' => 'gzip, deflate',
  'accept' => 'text/html,application/xhtml+xml,application/xml;q=0.9,image/avif,image/webp,image/apng,*/*;q=0.8,application/signed-exchange;v=b3;q=0.7',
  'user-agent' => 'Mozilla/5.0 (Macintosh; Intel Mac OS X 10_15_7) AppleWebKit/537.36 (KHTML, like Gecko) Chrome/114.0.0.0 Safari/537.36',
  'upgrade-insecure-requests' => '1',
  'cache-control' => 'no-cache',
  'pragma' => 'no-cache',
  'connection' => 'keep-alive',
  'host' => 'dev.fadmin.com',
  'content-length' => '',
  'content-type' => '',
)
[ info ] [ PARAM ] array (
)
[ info ] [ LANG ] /Applications/EasySrv/www/fastadmin/public/../application/admin/lang/zh-cn.php
[ info ] [ BEHAVIOR ] Run app\common\behavior\Common @module_init [ RunTime:0.000551s ]
[ info ] [ SESSION ] INIT array (
  'id' => '',
  'var_session_id' => '',
  'prefix' => 'think',
  'type' => '',
  'auto_start' => true,
)
[ info ] [ BEHAVIOR ] Run \addons\summernote\Summernote @config_init [ RunTime:0.000047s ]
[ info ] [ LANG ] /Applications/EasySrv/www/fastadmin/public/../application/admin/lang/zh-cn/index.php
[ info ] [ RUN ] app\admin\controller\Index->index[ /Applications/EasySrv/www/fastadmin/application/admin/controller/Index.php ]
[ info ] [ DB ] INIT mysql
[ info ] [ VIEW ] /Applications/EasySrv/www/fastadmin/public/../application/admin/view/index/index.html [ array (
  0 => 'breadcrumb',
  1 => 'site',
  2 => 'config',
  3 => 'auth',
  4 => 'admin',
  5 => 'menulist',
  6 => 'navlist',
  7 => 'fixedmenu',
  8 => 'referermenu',
  9 => 'title',
) ]
[ info ] [ BEHAVIOR ] Run app\admin\behavior\AdminLog @app_end [ RunTime:0.000039s ]
[ info ] [ LOG ] INIT File
---------------------------------------------------------------
[ 2023-07-16T23:31:39+08:00 ] 127.0.0.1 GET dev.fadmin.com/YDPzopZdsg.php/dashboard?addtabs=1
[运行时间：0.038870s] [吞吐率：25.73req/s] [内存消耗：4,270.89kb] [文件加载：87]
[ info ] [ BEHAVIOR ] Run Closure @app_init [ RunTime:0.000009s ]
[ info ] [ CACHE ] INIT File
[ info ] [ BEHAVIOR ] Run Closure @app_init [ RunTime:0.000560s ]
[ info ] [ BEHAVIOR ] Run app\common\behavior\Common @app_init [ RunTime:0.000177s ]
[ info ] [ LANG ] /Applications/EasySrv/www/fastadmin/thinkphp/lang/zh-cn.php
[ info ] [ BEHAVIOR ] Run app\common\behavior\Common @app_dispatch [ RunTime:0.000007s ]
[ info ] [ ROUTE ] array (
  'type' => 'module',
  'module' => 
  array (
    0 => 'admin',
    1 => 'dashboard',
    2 => NULL,
  ),
)
[ info ] [ HEADER ] array (
  'cookie' => '__gsas=ID=1a6f66de88e7b207:T=1689231015:RT=1689231015:S=ALNI_MaY_kQ589myCvslxaKkr5GhtcqGFQ; PHPSESSID=m5vl4c553tchjvkmnddqgrag6h; think_var=zh-cn',
  'accept-language' => 'zh-CN,zh;q=0.9',
  'accept-encoding' => 'gzip, deflate',
  'accept' => 'text/html,application/xhtml+xml,application/xml;q=0.9,image/avif,image/webp,image/apng,*/*;q=0.8,application/signed-exchange;v=b3;q=0.7',
  'user-agent' => 'Mozilla/5.0 (Macintosh; Intel Mac OS X 10_15_7) AppleWebKit/537.36 (KHTML, like Gecko) Chrome/114.0.0.0 Safari/537.36',
  'upgrade-insecure-requests' => '1',
  'cache-control' => 'no-cache',
  'pragma' => 'no-cache',
  'connection' => 'keep-alive',
  'host' => 'dev.fadmin.com',
  'content-length' => '',
  'content-type' => '',
)
[ info ] [ PARAM ] array (
  'addtabs' => '1',
)
[ info ] [ LANG ] /Applications/EasySrv/www/fastadmin/public/../application/admin/lang/zh-cn.php
[ info ] [ BEHAVIOR ] Run app\common\behavior\Common @module_init [ RunTime:0.000613s ]
[ info ] [ SESSION ] INIT array (
  'id' => '',
  'var_session_id' => '',
  'prefix' => 'think',
  'type' => '',
  'auto_start' => true,
)
[ info ] [ DB ] INIT mysql
[ info ] [ BEHAVIOR ] Run \addons\summernote\Summernote @config_init [ RunTime:0.000071s ]
[ info ] [ LANG ] /Applications/EasySrv/www/fastadmin/public/../application/admin/lang/zh-cn/dashboard.php
[ info ] [ RUN ] app\admin\controller\Dashboard->index[ /Applications/EasySrv/www/fastadmin/application/admin/controller/Dashboard.php ]
[ info ] [ VIEW ] /Applications/EasySrv/www/fastadmin/public/../application/admin/view/dashboard/index.html [ array (
  0 => 'breadcrumb',
  1 => 'site',
  2 => 'config',
  3 => 'auth',
  4 => 'admin',
  5 => 'totaluser',
  6 => 'totaladdon',
  7 => 'totaladmin',
  8 => 'totalcategory',
  9 => 'todayusersignup',
  10 => 'todayuserlogin',
  11 => 'sevendau',
  12 => 'thirtydau',
  13 => 'threednu',
  14 => 'sevendnu',
  15 => 'dbtablenums',
  16 => 'dbsize',
  17 => 'totalworkingaddon',
  18 => 'attachmentnums',
  19 => 'attachmentsize',
  20 => 'picturenums',
  21 => 'picturesize',
) ]
[ info ] [ BEHAVIOR ] Run app\admin\behavior\AdminLog @app_end [ RunTime:0.000063s ]
[ info ] [ LOG ] INIT File
---------------------------------------------------------------
[ 2023-07-16T23:31:39+08:00 ] 127.0.0.1 GET dev.fadmin.com/YDPzopZdsg.php/content/attachment?addtabs=1
[运行时间：0.059871s] [吞吐率：16.70req/s] [内存消耗：4,130.14kb] [文件加载：82]
[ info ] [ BEHAVIOR ] Run Closure @app_init [ RunTime:0.000016s ]
[ info ] [ CACHE ] INIT File
[ info ] [ BEHAVIOR ] Run Closure @app_init [ RunTime:0.000675s ]
[ info ] [ BEHAVIOR ] Run app\common\behavior\Common @app_init [ RunTime:0.000189s ]
[ info ] [ LANG ] /Applications/EasySrv/www/fastadmin/thinkphp/lang/zh-cn.php
[ info ] [ BEHAVIOR ] Run app\common\behavior\Common @app_dispatch [ RunTime:0.000008s ]
[ info ] [ ROUTE ] array (
  'type' => 'module',
  'module' => 
  array (
    0 => 'admin',
    1 => 'content.attachment',
    2 => NULL,
  ),
)
[ info ] [ HEADER ] array (
  'cookie' => '__gsas=ID=1a6f66de88e7b207:T=1689231015:RT=1689231015:S=ALNI_MaY_kQ589myCvslxaKkr5GhtcqGFQ; PHPSESSID=m5vl4c553tchjvkmnddqgrag6h; think_var=zh-cn',
  'accept-language' => 'zh-CN,zh;q=0.9',
  'accept-encoding' => 'gzip, deflate',
  'accept' => 'text/html,application/xhtml+xml,application/xml;q=0.9,image/avif,image/webp,image/apng,*/*;q=0.8,application/signed-exchange;v=b3;q=0.7',
  'user-agent' => 'Mozilla/5.0 (Macintosh; Intel Mac OS X 10_15_7) AppleWebKit/537.36 (KHTML, like Gecko) Chrome/114.0.0.0 Safari/537.36',
  'upgrade-insecure-requests' => '1',
  'cache-control' => 'no-cache',
  'pragma' => 'no-cache',
  'connection' => 'keep-alive',
  'host' => 'dev.fadmin.com',
  'content-length' => '',
  'content-type' => '',
)
[ info ] [ PARAM ] array (
  'addtabs' => '1',
)
[ info ] [ LANG ] /Applications/EasySrv/www/fastadmin/public/../application/admin/lang/zh-cn.php
[ info ] [ BEHAVIOR ] Run app\common\behavior\Common @module_init [ RunTime:0.001068s ]
[ info ] [ SESSION ] INIT array (
  'id' => '',
  'var_session_id' => '',
  'prefix' => 'think',
  'type' => '',
  'auto_start' => true,
)
[ info ] [ DB ] INIT mysql
[ info ] [ BEHAVIOR ] Run \addons\summernote\Summernote @config_init [ RunTime:0.000066s ]
[ info ] [ LANG ] /Applications/EasySrv/www/fastadmin/public/../application/admin/lang/zh-cn/content/attachment.php
[ info ] [ RUN ] app\admin\controller\content\Attachment->index[ /Applications/EasySrv/www/fastadmin/application/admin/controller/content/Attachment.php ]
[ info ] [ VIEW ] /Applications/EasySrv/www/fastadmin/public/../application/admin/view/content/attachment/index.html [ array (
  0 => 'breadcrumb',
  1 => 'site',
  2 => 'config',
  3 => 'auth',
  4 => 'admin',
  5 => 'mimetypeList',
  6 => 'categoryList',
) ]
[ info ] [ BEHAVIOR ] Run app\admin\behavior\AdminLog @app_end [ RunTime:0.000075s ]
[ info ] [ LOG ] INIT File
---------------------------------------------------------------
[ 2023-07-16T23:31:39+08:00 ] 127.0.0.1 GET dev.fadmin.com/YDPzopZdsg.php/ajax/lang?callback=define&controllername=index&lang=zh-cn&v=1689521499&v=1689521499
[运行时间：0.026968s] [吞吐率：37.08req/s] [内存消耗：3,129.30kb] [文件加载：76]
[ info ] [ BEHAVIOR ] Run Closure @app_init [ RunTime:0.000014s ]
[ info ] [ CACHE ] INIT File
[ info ] [ BEHAVIOR ] Run Closure @app_init [ RunTime:0.000762s ]
[ info ] [ BEHAVIOR ] Run app\common\behavior\Common @app_init [ RunTime:0.000336s ]
[ info ] [ LANG ] /Applications/EasySrv/www/fastadmin/thinkphp/lang/zh-cn.php
[ info ] [ BEHAVIOR ] Run app\common\behavior\Common @app_dispatch [ RunTime:0.000071s ]
[ info ] [ ROUTE ] array (
  'type' => 'module',
  'module' => 
  array (
    0 => 'admin',
    1 => 'ajax',
    2 => 'lang',
  ),
)
[ info ] [ HEADER ] array (
  'cookie' => '__gsas=ID=1a6f66de88e7b207:T=1689231015:RT=1689231015:S=ALNI_MaY_kQ589myCvslxaKkr5GhtcqGFQ; PHPSESSID=m5vl4c553tchjvkmnddqgrag6h; think_var=zh-cn',
  'accept-language' => 'zh-CN,zh;q=0.9',
  'accept-encoding' => 'gzip, deflate',
  'accept' => '*/*',
  'user-agent' => 'Mozilla/5.0 (Macintosh; Intel Mac OS X 10_15_7) AppleWebKit/537.36 (KHTML, like Gecko) Chrome/114.0.0.0 Safari/537.36',
  'cache-control' => 'no-cache',
  'pragma' => 'no-cache',
  'connection' => 'keep-alive',
  'host' => 'dev.fadmin.com',
  'content-length' => '',
  'content-type' => '',
)
[ info ] [ PARAM ] array (
  'callback' => 'define',
  'controllername' => 'index',
  'lang' => 'zh-cn',
  'v' => '1689521499',
)
[ info ] [ LANG ] /Applications/EasySrv/www/fastadmin/public/../application/admin/lang/zh-cn.php
[ info ] [ BEHAVIOR ] Run app\common\behavior\Common @module_init [ RunTime:0.000948s ]
[ info ] [ SESSION ] INIT array (
  'id' => '',
  'var_session_id' => '',
  'prefix' => 'think',
  'type' => '',
  'auto_start' => true,
)
[ info ] [ BEHAVIOR ] Run \addons\summernote\Summernote @config_init [ RunTime:0.000088s ]
[ info ] [ LANG ] /Applications/EasySrv/www/fastadmin/public/../application/admin/lang/zh-cn/ajax.php
[ info ] [ RUN ] app\admin\controller\Ajax->lang[ /Applications/EasySrv/www/fastadmin/application/admin/controller/Ajax.php ]
[ info ] [ LANG ] /Applications/EasySrv/www/fastadmin/public/../application/admin/lang/zh-cn/index.php
[ info ] [ BEHAVIOR ] Run app\admin\behavior\AdminLog @app_end [ RunTime:0.000182s ]
[ info ] [ LOG ] INIT File
---------------------------------------------------------------
[ 2023-07-16T23:31:39+08:00 ] 127.0.0.1 GET dev.fadmin.com/YDPzopZdsg.php/ajax/lang?callback=define&controllername=dashboard&lang=zh-cn&v=1689521499&v=1689521499
[运行时间：0.029144s] [吞吐率：34.31req/s] [内存消耗：3,126.98kb] [文件加载：76]
[ info ] [ BEHAVIOR ] Run Closure @app_init [ RunTime:0.000015s ]
[ info ] [ CACHE ] INIT File
[ info ] [ BEHAVIOR ] Run Closure @app_init [ RunTime:0.000816s ]
[ info ] [ BEHAVIOR ] Run app\common\behavior\Common @app_init [ RunTime:0.000282s ]
[ info ] [ LANG ] /Applications/EasySrv/www/fastadmin/thinkphp/lang/zh-cn.php
[ info ] [ BEHAVIOR ] Run app\common\behavior\Common @app_dispatch [ RunTime:0.000030s ]
[ info ] [ ROUTE ] array (
  'type' => 'module',
  'module' => 
  array (
    0 => 'admin',
    1 => 'ajax',
    2 => 'lang',
  ),
)
[ info ] [ HEADER ] array (
  'cookie' => '__gsas=ID=1a6f66de88e7b207:T=1689231015:RT=1689231015:S=ALNI_MaY_kQ589myCvslxaKkr5GhtcqGFQ; PHPSESSID=m5vl4c553tchjvkmnddqgrag6h; think_var=zh-cn',
  'accept-language' => 'zh-CN,zh;q=0.9',
  'accept-encoding' => 'gzip, deflate',
  'accept' => '*/*',
  'user-agent' => 'Mozilla/5.0 (Macintosh; Intel Mac OS X 10_15_7) AppleWebKit/537.36 (KHTML, like Gecko) Chrome/114.0.0.0 Safari/537.36',
  'cache-control' => 'no-cache',
  'pragma' => 'no-cache',
  'connection' => 'keep-alive',
  'host' => 'dev.fadmin.com',
  'content-length' => '',
  'content-type' => '',
)
[ info ] [ PARAM ] array (
  'callback' => 'define',
  'controllername' => 'dashboard',
  'lang' => 'zh-cn',
  'v' => '1689521499',
)
[ info ] [ LANG ] /Applications/EasySrv/www/fastadmin/public/../application/admin/lang/zh-cn.php
[ info ] [ BEHAVIOR ] Run app\common\behavior\Common @module_init [ RunTime:0.001360s ]
[ info ] [ SESSION ] INIT array (
  'id' => '',
  'var_session_id' => '',
  'prefix' => 'think',
  'type' => '',
  'auto_start' => true,
)
[ info ] [ BEHAVIOR ] Run \addons\summernote\Summernote @config_init [ RunTime:0.000065s ]
[ info ] [ LANG ] /Applications/EasySrv/www/fastadmin/public/../application/admin/lang/zh-cn/ajax.php
[ info ] [ RUN ] app\admin\controller\Ajax->lang[ /Applications/EasySrv/www/fastadmin/application/admin/controller/Ajax.php ]
[ info ] [ LANG ] /Applications/EasySrv/www/fastadmin/public/../application/admin/lang/zh-cn/dashboard.php
[ info ] [ BEHAVIOR ] Run app\admin\behavior\AdminLog @app_end [ RunTime:0.000035s ]
[ info ] [ LOG ] INIT File
---------------------------------------------------------------
[ 2023-07-16T23:31:39+08:00 ] 127.0.0.1 GET dev.fadmin.com/YDPzopZdsg.php/ajax/lang?callback=define&controllername=content.attachment&lang=zh-cn&v=1689521499&v=1689521499
[运行时间：0.022047s] [吞吐率：45.36req/s] [内存消耗：3,126.23kb] [文件加载：76]
[ info ] [ BEHAVIOR ] Run Closure @app_init [ RunTime:0.000080s ]
[ info ] [ CACHE ] INIT File
[ info ] [ BEHAVIOR ] Run Closure @app_init [ RunTime:0.000879s ]
[ info ] [ BEHAVIOR ] Run app\common\behavior\Common @app_init [ RunTime:0.000226s ]
[ info ] [ LANG ] /Applications/EasySrv/www/fastadmin/thinkphp/lang/zh-cn.php
[ info ] [ BEHAVIOR ] Run app\common\behavior\Common @app_dispatch [ RunTime:0.000009s ]
[ info ] [ ROUTE ] array (
  'type' => 'module',
  'module' => 
  array (
    0 => 'admin',
    1 => 'ajax',
    2 => 'lang',
  ),
)
[ info ] [ HEADER ] array (
  'cookie' => '__gsas=ID=1a6f66de88e7b207:T=1689231015:RT=1689231015:S=ALNI_MaY_kQ589myCvslxaKkr5GhtcqGFQ; PHPSESSID=m5vl4c553tchjvkmnddqgrag6h; think_var=zh-cn',
  'accept-language' => 'zh-CN,zh;q=0.9',
  'accept-encoding' => 'gzip, deflate',
  'accept' => '*/*',
  'user-agent' => 'Mozilla/5.0 (Macintosh; Intel Mac OS X 10_15_7) AppleWebKit/537.36 (KHTML, like Gecko) Chrome/114.0.0.0 Safari/537.36',
  'cache-control' => 'no-cache',
  'pragma' => 'no-cache',
  'connection' => 'keep-alive',
  'host' => 'dev.fadmin.com',
  'content-length' => '',
  'content-type' => '',
)
[ info ] [ PARAM ] array (
  'callback' => 'define',
  'controllername' => 'content.attachment',
  'lang' => 'zh-cn',
  'v' => '1689521499',
)
[ info ] [ LANG ] /Applications/EasySrv/www/fastadmin/public/../application/admin/lang/zh-cn.php
[ info ] [ BEHAVIOR ] Run app\common\behavior\Common @module_init [ RunTime:0.003127s ]
[ info ] [ SESSION ] INIT array (
  'id' => '',
  'var_session_id' => '',
  'prefix' => 'think',
  'type' => '',
  'auto_start' => true,
)
[ info ] [ BEHAVIOR ] Run \addons\summernote\Summernote @config_init [ RunTime:0.000090s ]
[ info ] [ LANG ] /Applications/EasySrv/www/fastadmin/public/../application/admin/lang/zh-cn/ajax.php
[ info ] [ RUN ] app\admin\controller\Ajax->lang[ /Applications/EasySrv/www/fastadmin/application/admin/controller/Ajax.php ]
[ info ] [ LANG ] /Applications/EasySrv/www/fastadmin/public/../application/admin/lang/zh-cn/content/attachment.php
[ info ] [ BEHAVIOR ] Run app\admin\behavior\AdminLog @app_end [ RunTime:0.000031s ]
[ info ] [ LOG ] INIT File
---------------------------------------------------------------
[ 2023-07-16T23:31:39+08:00 ] 127.0.0.1 GET dev.fadmin.com/YDPzopZdsg.php/content/attachment/index?sort=id&order=desc&offset=0&limit=10&filter=%7B%7D&op=%7B%7D&_=1689521499439
[运行时间：0.035750s] [吞吐率：27.97req/s] [内存消耗：4,209.55kb] [文件加载：85]
[ info ] [ BEHAVIOR ] Run Closure @app_init [ RunTime:0.000061s ]
[ info ] [ CACHE ] INIT File
[ info ] [ BEHAVIOR ] Run Closure @app_init [ RunTime:0.001083s ]
[ info ] [ BEHAVIOR ] Run app\common\behavior\Common @app_init [ RunTime:0.000371s ]
[ info ] [ LANG ] /Applications/EasySrv/www/fastadmin/thinkphp/lang/zh-cn.php
[ info ] [ BEHAVIOR ] Run app\common\behavior\Common @app_dispatch [ RunTime:0.000023s ]
[ info ] [ ROUTE ] array (
  'type' => 'module',
  'module' => 
  array (
    0 => 'admin',
    1 => 'content.attachment',
    2 => 'index',
  ),
)
[ info ] [ HEADER ] array (
  'cookie' => '__gsas=ID=1a6f66de88e7b207:T=1689231015:RT=1689231015:S=ALNI_MaY_kQ589myCvslxaKkr5GhtcqGFQ; PHPSESSID=m5vl4c553tchjvkmnddqgrag6h; think_var=zh-cn',
  'accept-language' => 'zh-CN,zh;q=0.9',
  'accept-encoding' => 'gzip, deflate',
  'content-type' => 'application/json',
  'user-agent' => 'Mozilla/5.0 (Macintosh; Intel Mac OS X 10_15_7) AppleWebKit/537.36 (KHTML, like Gecko) Chrome/114.0.0.0 Safari/537.36',
  'x-requested-with' => 'XMLHttpRequest',
  'accept' => 'application/json, text/javascript, */*; q=0.01',
  'cache-control' => 'no-cache',
  'pragma' => 'no-cache',
  'connection' => 'keep-alive',
  'host' => 'dev.fadmin.com',
  'content-length' => '',
)
[ info ] [ PARAM ] array (
  'sort' => 'id',
  'order' => 'desc',
  'offset' => '0',
  'limit' => '10',
  'filter' => '{}',
  'op' => '{}',
  '_' => '1689521499439',
)
[ info ] [ LANG ] /Applications/EasySrv/www/fastadmin/public/../application/admin/lang/zh-cn.php
[ info ] [ BEHAVIOR ] Run app\common\behavior\Common @module_init [ RunTime:0.000579s ]
[ info ] [ SESSION ] INIT array (
  'id' => '',
  'var_session_id' => '',
  'prefix' => 'think',
  'type' => '',
  'auto_start' => true,
)
[ info ] [ DB ] INIT mysql
[ info ] [ BEHAVIOR ] Run \addons\summernote\Summernote @config_init [ RunTime:0.000124s ]
[ info ] [ LANG ] /Applications/EasySrv/www/fastadmin/public/../application/admin/lang/zh-cn/content/attachment.php
[ info ] [ RUN ] app\admin\controller\content\Attachment->index[ /Applications/EasySrv/www/fastadmin/application/admin/controller/content/Attachment.php ]
[ info ] [ BEHAVIOR ] Run app\admin\behavior\AdminLog @app_end [ RunTime:0.000137s ]
[ info ] [ LOG ] INIT File
---------------------------------------------------------------
[ 2023-07-16T23:31:40+08:00 ] 127.0.0.1 GET dev.fadmin.com/YDPzopZdsg.php/content/attachment/add?dialog=1
[运行时间：0.045002s] [吞吐率：22.22req/s] [内存消耗：4,272.83kb] [文件加载：84]
[ info ] [ BEHAVIOR ] Run Closure @app_init [ RunTime:0.000035s ]
[ info ] [ CACHE ] INIT File
[ info ] [ BEHAVIOR ] Run Closure @app_init [ RunTime:0.001975s ]
[ info ] [ BEHAVIOR ] Run app\common\behavior\Common @app_init [ RunTime:0.000554s ]
[ info ] [ LANG ] /Applications/EasySrv/www/fastadmin/thinkphp/lang/zh-cn.php
[ info ] [ BEHAVIOR ] Run app\common\behavior\Common @app_dispatch [ RunTime:0.000020s ]
[ info ] [ ROUTE ] array (
  'type' => 'module',
  'module' => 
  array (
    0 => 'admin',
    1 => 'content.attachment',
    2 => 'add',
  ),
)
[ info ] [ HEADER ] array (
  'cookie' => '__gsas=ID=1a6f66de88e7b207:T=1689231015:RT=1689231015:S=ALNI_MaY_kQ589myCvslxaKkr5GhtcqGFQ; PHPSESSID=m5vl4c553tchjvkmnddqgrag6h; think_var=zh-cn',
  'accept-language' => 'zh-CN,zh;q=0.9',
  'accept-encoding' => 'gzip, deflate',
  'accept' => 'text/html,application/xhtml+xml,application/xml;q=0.9,image/avif,image/webp,image/apng,*/*;q=0.8,application/signed-exchange;v=b3;q=0.7',
  'user-agent' => 'Mozilla/5.0 (Macintosh; Intel Mac OS X 10_15_7) AppleWebKit/537.36 (KHTML, like Gecko) Chrome/114.0.0.0 Safari/537.36',
  'upgrade-insecure-requests' => '1',
  'cache-control' => 'no-cache',
  'pragma' => 'no-cache',
  'connection' => 'keep-alive',
  'host' => 'dev.fadmin.com',
  'content-length' => '',
  'content-type' => '',
)
[ info ] [ PARAM ] array (
  'dialog' => '1',
)
[ info ] [ LANG ] /Applications/EasySrv/www/fastadmin/public/../application/admin/lang/zh-cn.php
[ info ] [ BEHAVIOR ] Run app\common\behavior\Common @module_init [ RunTime:0.001910s ]
[ info ] [ SESSION ] INIT array (
  'id' => '',
  'var_session_id' => '',
  'prefix' => 'think',
  'type' => '',
  'auto_start' => true,
)
[ info ] [ DB ] INIT mysql
[ info ] [ BEHAVIOR ] Run \addons\summernote\Summernote @config_init [ RunTime:0.000121s ]
[ info ] [ LANG ] /Applications/EasySrv/www/fastadmin/public/../application/admin/lang/zh-cn/content/attachment.php
[ info ] [ RUN ] app\admin\controller\content\Attachment->add[ /Applications/EasySrv/www/fastadmin/application/admin/controller/content/Attachment.php ]
[ info ] [ VIEW ] /Applications/EasySrv/www/fastadmin/public/../application/admin/view/content/attachment/add.html [ array (
  0 => 'breadcrumb',
  1 => 'site',
  2 => 'config',
  3 => 'auth',
  4 => 'admin',
  5 => 'mimetypeList',
  6 => 'categoryList',
) ]
[ info ] [ BEHAVIOR ] Run app\admin\behavior\AdminLog @app_end [ RunTime:0.000044s ]
[ info ] [ LOG ] INIT File
---------------------------------------------------------------
[ 2023-07-16T23:31:40+08:00 ] 127.0.0.1 GET dev.fadmin.com/YDPzopZdsg.php/ajax/lang?callback=define&controllername=content.attachment&lang=zh-cn&v=1689521500&v=1689521500
[运行时间：0.022801s] [吞吐率：43.86req/s] [内存消耗：3,126.23kb] [文件加载：76]
[ info ] [ BEHAVIOR ] Run Closure @app_init [ RunTime:0.000014s ]
[ info ] [ CACHE ] INIT File
[ info ] [ BEHAVIOR ] Run Closure @app_init [ RunTime:0.000859s ]
[ info ] [ BEHAVIOR ] Run app\common\behavior\Common @app_init [ RunTime:0.000251s ]
[ info ] [ LANG ] /Applications/EasySrv/www/fastadmin/thinkphp/lang/zh-cn.php
[ info ] [ BEHAVIOR ] Run app\common\behavior\Common @app_dispatch [ RunTime:0.000009s ]
[ info ] [ ROUTE ] array (
  'type' => 'module',
  'module' => 
  array (
    0 => 'admin',
    1 => 'ajax',
    2 => 'lang',
  ),
)
[ info ] [ HEADER ] array (
  'cookie' => '__gsas=ID=1a6f66de88e7b207:T=1689231015:RT=1689231015:S=ALNI_MaY_kQ589myCvslxaKkr5GhtcqGFQ; PHPSESSID=m5vl4c553tchjvkmnddqgrag6h; think_var=zh-cn',
  'accept-language' => 'zh-CN,zh;q=0.9',
  'accept-encoding' => 'gzip, deflate',
  'accept' => '*/*',
  'user-agent' => 'Mozilla/5.0 (Macintosh; Intel Mac OS X 10_15_7) AppleWebKit/537.36 (KHTML, like Gecko) Chrome/114.0.0.0 Safari/537.36',
  'cache-control' => 'no-cache',
  'pragma' => 'no-cache',
  'connection' => 'keep-alive',
  'host' => 'dev.fadmin.com',
  'content-length' => '',
  'content-type' => '',
)
[ info ] [ PARAM ] array (
  'callback' => 'define',
  'controllername' => 'content.attachment',
  'lang' => 'zh-cn',
  'v' => '1689521500',
)
[ info ] [ LANG ] /Applications/EasySrv/www/fastadmin/public/../application/admin/lang/zh-cn.php
[ info ] [ BEHAVIOR ] Run app\common\behavior\Common @module_init [ RunTime:0.001151s ]
[ info ] [ SESSION ] INIT array (
  'id' => '',
  'var_session_id' => '',
  'prefix' => 'think',
  'type' => '',
  'auto_start' => true,
)
[ info ] [ BEHAVIOR ] Run \addons\summernote\Summernote @config_init [ RunTime:0.000046s ]
[ info ] [ LANG ] /Applications/EasySrv/www/fastadmin/public/../application/admin/lang/zh-cn/ajax.php
[ info ] [ RUN ] app\admin\controller\Ajax->lang[ /Applications/EasySrv/www/fastadmin/application/admin/controller/Ajax.php ]
[ info ] [ LANG ] /Applications/EasySrv/www/fastadmin/public/../application/admin/lang/zh-cn/content/attachment.php
[ info ] [ BEHAVIOR ] Run app\admin\behavior\AdminLog @app_end [ RunTime:0.000031s ]
[ info ] [ LOG ] INIT File
---------------------------------------------------------------
[ 2023-07-16T23:31:51+08:00 ] 127.0.0.1 POST dev.fadmin.com/YDPzopZdsg.php/ajax/upload
[运行时间：0.037688s] [吞吐率：26.53req/s] [内存消耗：4,415.92kb] [文件加载：89]
[ info ] [ BEHAVIOR ] Run Closure @app_init [ RunTime:0.000013s ]
[ info ] [ CACHE ] INIT File
[ info ] [ BEHAVIOR ] Run Closure @app_init [ RunTime:0.000734s ]
[ info ] [ BEHAVIOR ] Run app\common\behavior\Common @app_init [ RunTime:0.000456s ]
[ info ] [ LANG ] /Applications/EasySrv/www/fastadmin/thinkphp/lang/zh-cn.php
[ info ] [ BEHAVIOR ] Run app\common\behavior\Common @app_dispatch [ RunTime:0.000013s ]
[ info ] [ ROUTE ] array (
  'type' => 'module',
  'module' => 
  array (
    0 => 'admin',
    1 => 'ajax',
    2 => 'upload',
  ),
)
[ info ] [ HEADER ] array (
  'cookie' => '__gsas=ID=1a6f66de88e7b207:T=1689231015:RT=1689231015:S=ALNI_MaY_kQ589myCvslxaKkr5GhtcqGFQ; PHPSESSID=m5vl4c553tchjvkmnddqgrag6h; think_var=zh-cn',
  'accept-language' => 'zh-CN,zh;q=0.9',
  'accept-encoding' => 'gzip, deflate',
  'origin' => 'http://dev.fadmin.com',
  'content-type' => 'multipart/form-data; boundary=----WebKitFormBoundary02JC7RDxBMAXpLa8',
  'user-agent' => 'Mozilla/5.0 (Macintosh; Intel Mac OS X 10_15_7) AppleWebKit/537.36 (KHTML, like Gecko) Chrome/114.0.0.0 Safari/537.36',
  'x-requested-with' => 'XMLHttpRequest',
  'accept' => 'application/json',
  'cache-control' => 'no-cache',
  'pragma' => 'no-cache',
  'content-length' => '207850',
  'connection' => 'keep-alive',
  'host' => 'dev.fadmin.com',
)
[ info ] [ PARAM ] array (
  'category' => 'categoryHead',
)
[ info ] [ LANG ] /Applications/EasySrv/www/fastadmin/public/../application/admin/lang/zh-cn.php
[ info ] [ BEHAVIOR ] Run app\common\behavior\Common @module_init [ RunTime:0.000644s ]
[ info ] [ SESSION ] INIT array (
  'id' => '',
  'var_session_id' => '',
  'prefix' => 'think',
  'type' => '',
  'auto_start' => true,
)
[ info ] [ BEHAVIOR ] Run \addons\summernote\Summernote @config_init [ RunTime:0.000045s ]
[ info ] [ LANG ] /Applications/EasySrv/www/fastadmin/public/../application/admin/lang/zh-cn/ajax.php
[ info ] [ RUN ] app\admin\controller\Ajax->upload[ /Applications/EasySrv/www/fastadmin/application/admin/controller/Ajax.php ]
[ info ] [ DB ] INIT mysql
[ info ] [ BEHAVIOR ] Run app\admin\behavior\AdminLog @app_end [ RunTime:0.003231s ]
[ info ] [ LOG ] INIT File
---------------------------------------------------------------
[ 2023-07-16T23:31:51+08:00 ] 127.0.0.1 GET dev.fadmin.com/YDPzopZdsg.php/content/attachment/index?sort=id&order=desc&offset=0&limit=10&filter=%7B%7D&op=%7B%7D&_=1689521499440
[运行时间：0.037950s] [吞吐率：26.35req/s] [内存消耗：4,209.55kb] [文件加载：85]
[ info ] [ BEHAVIOR ] Run Closure @app_init [ RunTime:0.000014s ]
[ info ] [ CACHE ] INIT File
[ info ] [ BEHAVIOR ] Run Closure @app_init [ RunTime:0.000855s ]
[ info ] [ BEHAVIOR ] Run app\common\behavior\Common @app_init [ RunTime:0.000215s ]
[ info ] [ LANG ] /Applications/EasySrv/www/fastadmin/thinkphp/lang/zh-cn.php
[ info ] [ BEHAVIOR ] Run app\common\behavior\Common @app_dispatch [ RunTime:0.000010s ]
[ info ] [ ROUTE ] array (
  'type' => 'module',
  'module' => 
  array (
    0 => 'admin',
    1 => 'content.attachment',
    2 => 'index',
  ),
)
[ info ] [ HEADER ] array (
  'cookie' => '__gsas=ID=1a6f66de88e7b207:T=1689231015:RT=1689231015:S=ALNI_MaY_kQ589myCvslxaKkr5GhtcqGFQ; PHPSESSID=m5vl4c553tchjvkmnddqgrag6h; think_var=zh-cn',
  'accept-language' => 'zh-CN,zh;q=0.9',
  'accept-encoding' => 'gzip, deflate',
  'content-type' => 'application/json',
  'user-agent' => 'Mozilla/5.0 (Macintosh; Intel Mac OS X 10_15_7) AppleWebKit/537.36 (KHTML, like Gecko) Chrome/114.0.0.0 Safari/537.36',
  'x-requested-with' => 'XMLHttpRequest',
  'accept' => 'application/json, text/javascript, */*; q=0.01',
  'cache-control' => 'no-cache',
  'pragma' => 'no-cache',
  'connection' => 'keep-alive',
  'host' => 'dev.fadmin.com',
  'content-length' => '',
)
[ info ] [ PARAM ] array (
  'sort' => 'id',
  'order' => 'desc',
  'offset' => '0',
  'limit' => '10',
  'filter' => '{}',
  'op' => '{}',
  '_' => '1689521499440',
)
[ info ] [ LANG ] /Applications/EasySrv/www/fastadmin/public/../application/admin/lang/zh-cn.php
[ info ] [ BEHAVIOR ] Run app\common\behavior\Common @module_init [ RunTime:0.000625s ]
[ info ] [ SESSION ] INIT array (
  'id' => '',
  'var_session_id' => '',
  'prefix' => 'think',
  'type' => '',
  'auto_start' => true,
)
[ info ] [ DB ] INIT mysql
[ info ] [ BEHAVIOR ] Run \addons\summernote\Summernote @config_init [ RunTime:0.000056s ]
[ info ] [ LANG ] /Applications/EasySrv/www/fastadmin/public/../application/admin/lang/zh-cn/content/attachment.php
[ info ] [ RUN ] app\admin\controller\content\Attachment->index[ /Applications/EasySrv/www/fastadmin/application/admin/controller/content/Attachment.php ]
[ info ] [ BEHAVIOR ] Run app\admin\behavior\AdminLog @app_end [ RunTime:0.000036s ]
[ info ] [ LOG ] INIT File
---------------------------------------------------------------
[ 2023-07-16T23:32:01+08:00 ] 127.0.0.1 GET dev.fadmin.com/YDPzopZdsg.php/content/attachment/index?sort=id&order=desc&offset=0&limit=10&filter=%7B%7D&op=%7B%7D&_=1689521499441
[运行时间：0.041762s] [吞吐率：23.95req/s] [内存消耗：4,209.55kb] [文件加载：85]
[ info ] [ BEHAVIOR ] Run Closure @app_init [ RunTime:0.000022s ]
[ info ] [ CACHE ] INIT File
[ info ] [ BEHAVIOR ] Run Closure @app_init [ RunTime:0.000799s ]
[ info ] [ BEHAVIOR ] Run app\common\behavior\Common @app_init [ RunTime:0.000210s ]
[ info ] [ LANG ] /Applications/EasySrv/www/fastadmin/thinkphp/lang/zh-cn.php
[ info ] [ BEHAVIOR ] Run app\common\behavior\Common @app_dispatch [ RunTime:0.000009s ]
[ info ] [ ROUTE ] array (
  'type' => 'module',
  'module' => 
  array (
    0 => 'admin',
    1 => 'content.attachment',
    2 => 'index',
  ),
)
[ info ] [ HEADER ] array (
  'cookie' => '__gsas=ID=1a6f66de88e7b207:T=1689231015:RT=1689231015:S=ALNI_MaY_kQ589myCvslxaKkr5GhtcqGFQ; PHPSESSID=m5vl4c553tchjvkmnddqgrag6h; think_var=zh-cn',
  'accept-language' => 'zh-CN,zh;q=0.9',
  'accept-encoding' => 'gzip, deflate',
  'content-type' => 'application/json',
  'user-agent' => 'Mozilla/5.0 (Macintosh; Intel Mac OS X 10_15_7) AppleWebKit/537.36 (KHTML, like Gecko) Chrome/114.0.0.0 Safari/537.36',
  'x-requested-with' => 'XMLHttpRequest',
  'accept' => 'application/json, text/javascript, */*; q=0.01',
  'cache-control' => 'no-cache',
  'pragma' => 'no-cache',
  'connection' => 'keep-alive',
  'host' => 'dev.fadmin.com',
  'content-length' => '',
)
[ info ] [ PARAM ] array (
  'sort' => 'id',
  'order' => 'desc',
  'offset' => '0',
  'limit' => '10',
  'filter' => '{}',
  'op' => '{}',
  '_' => '1689521499441',
)
[ info ] [ LANG ] /Applications/EasySrv/www/fastadmin/public/../application/admin/lang/zh-cn.php
[ info ] [ BEHAVIOR ] Run app\common\behavior\Common @module_init [ RunTime:0.000587s ]
[ info ] [ SESSION ] INIT array (
  'id' => '',
  'var_session_id' => '',
  'prefix' => 'think',
  'type' => '',
  'auto_start' => true,
)
[ info ] [ DB ] INIT mysql
[ info ] [ BEHAVIOR ] Run \addons\summernote\Summernote @config_init [ RunTime:0.000112s ]
[ info ] [ LANG ] /Applications/EasySrv/www/fastadmin/public/../application/admin/lang/zh-cn/content/attachment.php
[ info ] [ RUN ] app\admin\controller\content\Attachment->index[ /Applications/EasySrv/www/fastadmin/application/admin/controller/content/Attachment.php ]
[ info ] [ BEHAVIOR ] Run app\admin\behavior\AdminLog @app_end [ RunTime:0.000071s ]
[ info ] [ LOG ] INIT File
---------------------------------------------------------------
[ 2023-07-16T23:32:14+08:00 ] 127.0.0.1 POST dev.fadmin.com/YDPzopZdsg.php/ajax/upload
[运行时间：0.036494s] [吞吐率：27.40req/s] [内存消耗：4,415.96kb] [文件加载：89]
[ info ] [ BEHAVIOR ] Run Closure @app_init [ RunTime:0.000015s ]
[ info ] [ CACHE ] INIT File
[ info ] [ BEHAVIOR ] Run Closure @app_init [ RunTime:0.001348s ]
[ info ] [ BEHAVIOR ] Run app\common\behavior\Common @app_init [ RunTime:0.000269s ]
[ info ] [ LANG ] /Applications/EasySrv/www/fastadmin/thinkphp/lang/zh-cn.php
[ info ] [ BEHAVIOR ] Run app\common\behavior\Common @app_dispatch [ RunTime:0.000013s ]
[ info ] [ ROUTE ] array (
  'type' => 'module',
  'module' => 
  array (
    0 => 'admin',
    1 => 'ajax',
    2 => 'upload',
  ),
)
[ info ] [ HEADER ] array (
  'cookie' => '__gsas=ID=1a6f66de88e7b207:T=1689231015:RT=1689231015:S=ALNI_MaY_kQ589myCvslxaKkr5GhtcqGFQ; PHPSESSID=m5vl4c553tchjvkmnddqgrag6h; think_var=zh-cn',
  'accept-language' => 'zh-CN,zh;q=0.9',
  'accept-encoding' => 'gzip, deflate',
  'origin' => 'http://dev.fadmin.com',
  'content-type' => 'multipart/form-data; boundary=----WebKitFormBoundaryy36R2JQDw3wlaBLE',
  'user-agent' => 'Mozilla/5.0 (Macintosh; Intel Mac OS X 10_15_7) AppleWebKit/537.36 (KHTML, like Gecko) Chrome/114.0.0.0 Safari/537.36',
  'x-requested-with' => 'XMLHttpRequest',
  'accept' => 'application/json',
  'cache-control' => 'no-cache',
  'pragma' => 'no-cache',
  'content-length' => '469611',
  'connection' => 'keep-alive',
  'host' => 'dev.fadmin.com',
)
[ info ] [ PARAM ] array (
  'category' => 'categoryHead',
)
[ info ] [ LANG ] /Applications/EasySrv/www/fastadmin/public/../application/admin/lang/zh-cn.php
[ info ] [ BEHAVIOR ] Run app\common\behavior\Common @module_init [ RunTime:0.000996s ]
[ info ] [ SESSION ] INIT array (
  'id' => '',
  'var_session_id' => '',
  'prefix' => 'think',
  'type' => '',
  'auto_start' => true,
)
[ info ] [ BEHAVIOR ] Run \addons\summernote\Summernote @config_init [ RunTime:0.000060s ]
[ info ] [ LANG ] /Applications/EasySrv/www/fastadmin/public/../application/admin/lang/zh-cn/ajax.php
[ info ] [ RUN ] app\admin\controller\Ajax->upload[ /Applications/EasySrv/www/fastadmin/application/admin/controller/Ajax.php ]
[ info ] [ DB ] INIT mysql
[ info ] [ BEHAVIOR ] Run app\admin\behavior\AdminLog @app_end [ RunTime:0.002420s ]
[ info ] [ LOG ] INIT File
---------------------------------------------------------------
[ 2023-07-16T23:32:14+08:00 ] 127.0.0.1 GET dev.fadmin.com/YDPzopZdsg.php/content/attachment/index?sort=id&order=desc&offset=0&limit=10&filter=%7B%7D&op=%7B%7D&_=1689521499442
[运行时间：0.045775s] [吞吐率：21.85req/s] [内存消耗：4,210.26kb] [文件加载：85]
[ info ] [ BEHAVIOR ] Run Closure @app_init [ RunTime:0.000018s ]
[ info ] [ CACHE ] INIT File
[ info ] [ BEHAVIOR ] Run Closure @app_init [ RunTime:0.000821s ]
[ info ] [ BEHAVIOR ] Run app\common\behavior\Common @app_init [ RunTime:0.000206s ]
[ info ] [ LANG ] /Applications/EasySrv/www/fastadmin/thinkphp/lang/zh-cn.php
[ info ] [ BEHAVIOR ] Run app\common\behavior\Common @app_dispatch [ RunTime:0.000027s ]
[ info ] [ ROUTE ] array (
  'type' => 'module',
  'module' => 
  array (
    0 => 'admin',
    1 => 'content.attachment',
    2 => 'index',
  ),
)
[ info ] [ HEADER ] array (
  'cookie' => '__gsas=ID=1a6f66de88e7b207:T=1689231015:RT=1689231015:S=ALNI_MaY_kQ589myCvslxaKkr5GhtcqGFQ; PHPSESSID=m5vl4c553tchjvkmnddqgrag6h; think_var=zh-cn',
  'accept-language' => 'zh-CN,zh;q=0.9',
  'accept-encoding' => 'gzip, deflate',
  'content-type' => 'application/json',
  'user-agent' => 'Mozilla/5.0 (Macintosh; Intel Mac OS X 10_15_7) AppleWebKit/537.36 (KHTML, like Gecko) Chrome/114.0.0.0 Safari/537.36',
  'x-requested-with' => 'XMLHttpRequest',
  'accept' => 'application/json, text/javascript, */*; q=0.01',
  'cache-control' => 'no-cache',
  'pragma' => 'no-cache',
  'connection' => 'keep-alive',
  'host' => 'dev.fadmin.com',
  'content-length' => '',
)
[ info ] [ PARAM ] array (
  'sort' => 'id',
  'order' => 'desc',
  'offset' => '0',
  'limit' => '10',
  'filter' => '{}',
  'op' => '{}',
  '_' => '1689521499442',
)
[ info ] [ LANG ] /Applications/EasySrv/www/fastadmin/public/../application/admin/lang/zh-cn.php
[ info ] [ BEHAVIOR ] Run app\common\behavior\Common @module_init [ RunTime:0.000766s ]
[ info ] [ SESSION ] INIT array (
  'id' => '',
  'var_session_id' => '',
  'prefix' => 'think',
  'type' => '',
  'auto_start' => true,
)
[ info ] [ DB ] INIT mysql
[ info ] [ BEHAVIOR ] Run \addons\summernote\Summernote @config_init [ RunTime:0.000072s ]
[ info ] [ LANG ] /Applications/EasySrv/www/fastadmin/public/../application/admin/lang/zh-cn/content/attachment.php
[ info ] [ RUN ] app\admin\controller\content\Attachment->index[ /Applications/EasySrv/www/fastadmin/application/admin/controller/content/Attachment.php ]
[ info ] [ BEHAVIOR ] Run app\admin\behavior\AdminLog @app_end [ RunTime:0.000038s ]
[ info ] [ LOG ] INIT File
